Build started 9/16/2015 5:37:08 PM.
     1>Project "C:\Users\M.Ali\Documents\Visual Studio 2015\Projects\Project\Project\Project.vcxproj" on node 2 (Build target(s)).
     1>ClCompile:
         C:\Program Files (x86)\Microsoft Visual Studio 14.0\VC\bin\CL.exe /c /I"C:\Users\M.Ali\Downloads\SFML-2.3\include" /Zi /nologo /W3 /WX- /O2 /Oi /Oy- /GL /D WIN32 /D NDEBUG /D _CONSOLE /D _LIB /D _UNICODE /D UNICODE /Gm- /EHsc /MD /GS /Gy /fp:precise /Zc:wchar_t /Zc:forScope /Zc:inline /Fo"Release\\" /Fd"Release\vc140.pdb" /Gd /TP /analyze- /errorReport:prompt "Project (1).cpp" Project.cpp Source.cpp Source2.cpp
         Project (1).cpp
         Project.cpp
         Source.cpp
         Source2.cpp
       Link:
         C:\Program Files (x86)\Microsoft Visual Studio 14.0\VC\bin\link.exe /ERRORREPORT:PROMPT /OUT:"C:\Users\M.Ali\Documents\Visual Studio 2015\Projects\Project\Release\Project.exe" /INCREMENTAL:NO /NOLOGO /LIBPATH:"C:\Users\M.Ali\Downloads\SFML-2.3\lib" "sfml-graphics.lib" "sfml-window.lib" "sfml-system.lib" "sfml-network.lib" kernel32.lib user32.lib gdi32.lib winspool.lib comdlg32.lib advapi32.lib shell32.lib ole32.lib oleaut32.lib uuid.lib odbc32.lib odbccp32.lib /MANIFEST /MANIFESTUAC:"level='asInvoker' uiAccess='false'" /manifest:embed /Debug /PDB:"C:\Users\M.Ali\Documents\Visual Studio 2015\Projects\Project\Release\Project.pdb" /SUBSYSTEM:CONSOLE /OPT:REF /OPT:ICF /LTCG:incremental /TLBID:1 /DYNAMICBASE /NXCOMPAT /IMPLIB:"C:\Users\M.Ali\Documents\Visual Studio 2015\Projects\Project\Release\Project.lib" /MACHINE:X86 /SAFESEH "Release\Project (1).obj"
         Release\Project.obj
         Release\Source.obj
         Release\Source2.obj
         Generating code
         All 347 functions were compiled because no usable IPDB/IOBJ from previous compilation was found.
         Finished generating code
         Project.vcxproj -> C:\Users\M.Ali\Documents\Visual Studio 2015\Projects\Project\Release\Project.exe
     1>Done Building Project "C:\Users\M.Ali\Documents\Visual Studio 2015\Projects\Project\Project\Project.vcxproj" (Build target(s)).

Build succeeded.

Time Elapsed 00:00:03.94
